<?xml version="1.0" encoding="UTF-8"?>
<!-- Generated by org.testng.reporters.JUnitReportReporter -->
<testsuite skipped="0" hostname="CPU351" name="Scripts.MyActivity_Script" tests="1" failures="0" timestamp="01 Feb 2019 04:01:37 GMT" time="10.594" errors="0">
  <testcase name="myActivity" time="10.594" classname="Scripts.MyActivity_Script"/>
</testsuite> <!-- Scripts.MyActivity_Script -->
