<?xml version="1.0" encoding="UTF-8"?>
<!-- Generated by org.testng.reporters.JUnitReportReporter -->
<testsuite skipped="0" hostname="CPU351" name="Scripts.ApprovalsBtnCheck_Script" tests="10" failures="0" timestamp="01 Feb 2019 04:01:37 GMT" time="71.783" errors="0">
  <testcase name="approvalPageBtn" time="0.000" classname="Scripts.ApprovalsBtnCheck_Script"/>
  <testcase name="approvalPageBtn" time="0.000" classname="Scripts.ApprovalsBtnCheck_Script"/>
  <testcase name="approvalPageBtn" time="11.367" classname="Scripts.ApprovalsBtnCheck_Script"/>
  <testcase name="approvalPageBtn" time="18.489" classname="Scripts.ApprovalsBtnCheck_Script"/>
  <testcase name="approvalPageBtn" time="0.000" classname="Scripts.ApprovalsBtnCheck_Script"/>
  <testcase name="approvalPageBtn" time="5.833" classname="Scripts.ApprovalsBtnCheck_Script"/>
  <testcase name="approvalPageBtn" time="5.820" classname="Scripts.ApprovalsBtnCheck_Script"/>
  <testcase name="approvalPageBtn" time="11.434" classname="Scripts.ApprovalsBtnCheck_Script"/>
  <testcase name="approvalPageBtn" time="5.834" classname="Scripts.ApprovalsBtnCheck_Script"/>
  <testcase name="approvalPageBtn" time="13.006" classname="Scripts.ApprovalsBtnCheck_Script"/>
</testsuite> <!-- Scripts.ApprovalsBtnCheck_Script -->
