<?xml version="1.0" encoding="UTF-8"?>
<!-- Generated by org.testng.reporters.JUnitReportReporter -->
<testsuite skipped="0" hostname="CPU351" name="Scripts.Profile_Script" tests="1" failures="0" timestamp="04 Feb 2019 04:39:25 GMT" time="8.139" errors="0">
  <testcase name="profileDetail" time="8.139" classname="Scripts.Profile_Script"/>
</testsuite> <!-- Scripts.Profile_Script -->
