<?xml version="1.0" encoding="UTF-8"?>
<!-- Generated by org.testng.reporters.JUnitReportReporter -->
<testsuite skipped="0" hostname="CPU351" name="Scripts.Approvals_Script" tests="10" failures="0" timestamp="01 Feb 2019 04:01:37 GMT" time="60.453" errors="0">
  <testcase name="approval" time="0.000" classname="Scripts.Approvals_Script"/>
  <testcase name="approval" time="60.453" classname="Scripts.Approvals_Script"/>
  <testcase name="approval" time="0.000" classname="Scripts.Approvals_Script"/>
  <testcase name="approval" time="0.000" classname="Scripts.Approvals_Script"/>
  <testcase name="approval" time="0.000" classname="Scripts.Approvals_Script"/>
  <testcase name="approval" time="0.000" classname="Scripts.Approvals_Script"/>
  <testcase name="approval" time="0.000" classname="Scripts.Approvals_Script"/>
  <testcase name="approval" time="0.000" classname="Scripts.Approvals_Script"/>
  <testcase name="approval" time="0.000" classname="Scripts.Approvals_Script"/>
  <testcase name="approval" time="0.000" classname="Scripts.Approvals_Script"/>
</testsuite> <!-- Scripts.Approvals_Script -->
