<?xml version="1.0" encoding="UTF-8"?>
<!-- Generated by org.testng.reporters.JUnitReportReporter -->
<testsuite skipped="0" hostname="CPU351" name="Scripts.AuthenticationType_Script" tests="2" failures="0" timestamp="04 Feb 2019 04:49:52 GMT" time="89.326" errors="0">
  <testcase name="authenticationType" time="69.403" classname="Scripts.AuthenticationType_Script"/>
  <testcase name="authenticationTypeKBA" time="19.923" classname="Scripts.AuthenticationType_Script"/>
</testsuite> <!-- Scripts.AuthenticationType_Script -->
