<?xml version="1.0" encoding="UTF-8"?>
<!-- Generated by org.testng.reporters.JUnitReportReporter -->
<testsuite skipped="0" hostname="CPU351" name="Scripts.ReviewAccess_Script" tests="8" failures="0" timestamp="01 Feb 2019 09:21:26 GMT" time="53.408" errors="0">
  <testcase name="pendingDelegate" time="0.016" classname="Scripts.ReviewAccess_Script"/>
  <testcase name="pendingDelegate" time="0.000" classname="Scripts.ReviewAccess_Script"/>
  <testcase name="pendingDelegate" time="0.129" classname="Scripts.ReviewAccess_Script"/>
  <testcase name="pendingDelegate" time="23.449" classname="Scripts.ReviewAccess_Script"/>
  <testcase name="pendingMultiDelegate" time="0.000" classname="Scripts.ReviewAccess_Script"/>
  <testcase name="pendingMultiDelegate" time="0.000" classname="Scripts.ReviewAccess_Script"/>
  <testcase name="pendingMultiDelegate" time="0.000" classname="Scripts.ReviewAccess_Script"/>
  <testcase name="pendingMultiDelegate" time="29.814" classname="Scripts.ReviewAccess_Script"/>
</testsuite> <!-- Scripts.ReviewAccess_Script -->
